[15Jul2025 00:12:21.819] [Server thread/INFO] [net.minecraft.server.MinecraftServer/]: Cristh715 has made the advancement [Enchanter]
[15Jul2025 00:12:27.020] [Server thread/INFO] [net.minecraft.server.MinecraftServer/]: [Not Secure] <Ent144> chuggg
[15Jul2025 00:12:41.818] [Server thread/INFO] [net.minecraft.server.MinecraftServer/]: [Not Secure] <Cristh715> Como debe ser p
[15Jul2025 00:12:50.874] [Server thread/INFO] [net.minecraft.server.MinecraftServer/]: [Not Secure] <Ent144> que te dio
[15Jul2025 00:13:01.773] [Server thread/INFO] [net.minecraft.server.MinecraftServer/]: [Not Secure] <Cristh715> caida de pluma xd
[15Jul2025 00:13:05.632] [Server thread/INFO] [net.minecraft.server.MinecraftServer/]: [Not Secure] <Cristh715> 3
[15Jul2025 00:13:13.424] [Server thread/INFO] [net.minecraft.server.MinecraftServer/]: [Not Secure] <Ent144> chuggg
[15Jul2025 00:13:18.369] [Server thread/INFO] [net.minecraft.server.MinecraftServer/]: [Not Secure] <Ent144> piola om
[15Jul2025 00:25:06.471] [Server thread/INFO] [net.minecraft.server.MinecraftServer/]: [Not Secure] <Cristh715> Puedes dormir ahora loco?
[15Jul2025 00:25:30.320] [Server thread/INFO] [net.minecraft.server.MinecraftServer/]: [Not Secure] <Ent144> voy a buscar una cmaa
[15Jul2025 00:25:37.134] [Server thread/INFO] [net.minecraft.server.MinecraftServer/]: [Not Secure] <Cristh715> XDDDD, avisas p
[15Jul2025 00:26:30.177] [Server thread/INFO] [net.minecraft.server.MinecraftServer/]: Ent144 has made the advancement [Funeral Theft]
[15Jul2025 00:26:35.866] [Server thread/INFO] [net.minecraft.server.MinecraftServer/]: [Not Secure] <Cristh715> chugggggg
[15Jul2025 00:27:01.338] [Server thread/INFO] [net.minecraft.server.MinecraftServer/]: Ent144 has made the advancement [Your First Receptacle]
[15Jul2025 00:27:33.614] [Server thread/INFO] [net.minecraft.server.MinecraftServer/]: [Not Secure] <Ent144> un pico de madera con proteccion contra el fuego XD
[15Jul2025 00:27:42.923] [Server thread/INFO] [net.minecraft.server.MinecraftServer/]: [Not Secure] <Cristh715> XDDDDDDDDD
[15Jul2025 00:27:48.831] [Server thread/INFO] [net.minecraft.server.MinecraftServer/]: [Not Secure] <Cristh715> Te lo encontraste?
[15Jul2025 00:27:52.583] [Server thread/INFO] [net.minecraft.server.MinecraftServer/]: [Not Secure] <Cristh715> Tas en la mina?
[15Jul2025 00:28:04.576] [Server thread/INFO] [net.minecraft.server.MinecraftServer/]: [Not Secure] <Ent144> en la mina no xd
[15Jul2025 00:28:11.870] [Server thread/INFO] [net.minecraft.server.MinecraftServer/]: [Not Secure] <Ent144> lo encontre en una tumba abandonada
[15Jul2025 00:28:16.572] [Server thread/INFO] [net.minecraft.server.MinecraftServer/]: [Not Secure] <Cristh715> chuggggg
